<?xml version="1.0" encoding="UTF-8"?>
<!-- Generated by org.testng.reporters.JUnitXMLReporter -->
<testsuite hostname="AUTOBVT-0PRS381" ignored="0" name="Default test" tests="3" failures="0" timestamp="2021-06-13T20:35:08 CEST" time="51.235" errors="0">
  <testcase name="addingWishList" time="8.624" classname="mystoreTests.MyWishlistsTests"/>
  <testcase name="removingWishList" time="8.462" classname="mystoreTests.MyWishlistsTests"/>
  <testcase name="multipleWishList" time="13.999" classname="mystoreTests.MyWishlistsTests"/>
</testsuite> <!-- Default test -->
