<?xml version="1.0" encoding="UTF-8"?>
<testng-results skipped="0" failed="0" ignored="0" total="3" passed="3">
  <reporter-output>
  </reporter-output>
  <suite name="Default suite" duration-ms="54111" started-at="2021-06-15T20:48:22 CEST" finished-at="2021-06-15T20:49:16 CEST">
    <groups>
    </groups>
    <test name="Default test" duration-ms="54111" started-at="2021-06-15T20:48:22 CEST" finished-at="2021-06-15T20:49:16 CEST">
      <class name="mystoreTests.MyStoreAddToCartTests">
        <test-method status="PASS" signature="preSvihTestova()[pri:0, instance:mystoreTests.MyStoreAddToCartTests@fad74ee]" name="preSvihTestova" is-config="true" duration-ms="3046" started-at="2021-06-15T20:48:22 CEST" finished-at="2021-06-15T20:48:25 CEST">
          <reporter-output>
          </reporter-output>
        </test-method> <!-- preSvihTestova -->
        <test-method status="PASS" signature="preSvakogTesta()[pri:0, instance:mystoreTests.MyStoreAddToCartTests@fad74ee]" name="preSvakogTesta" is-config="true" duration-ms="5960" started-at="2021-06-15T20:48:25 CEST" finished-at="2021-06-15T20:48:31 CEST">
          <reporter-output>
          </reporter-output>
        </test-method> <!-- preSvakogTesta -->
        <test-method status="PASS" signature="addingOneItemToCart()[pri:0, instance:mystoreTests.MyStoreAddToCartTests@fad74ee]" name="addingOneItemToCart" duration-ms="14139" started-at="2021-06-15T20:48:31 CEST" finished-at="2021-06-15T20:48:45 CEST">
          <reporter-output>
          </reporter-output>
        </test-method> <!-- addingOneItemToCart -->
        <test-method status="PASS" signature="posleSvakogTesta()[pri:0, instance:mystoreTests.MyStoreAddToCartTests@fad74ee]" name="posleSvakogTesta" is-config="true" duration-ms="1302" started-at="2021-06-15T20:48:45 CEST" finished-at="2021-06-15T20:48:46 CEST">
          <reporter-output>
          </reporter-output>
        </test-method> <!-- posleSvakogTesta -->
        <test-method status="PASS" signature="preSvakogTesta()[pri:0, instance:mystoreTests.MyStoreAddToCartTests@fad74ee]" name="preSvakogTesta" is-config="true" duration-ms="1342" started-at="2021-06-15T20:48:46 CEST" finished-at="2021-06-15T20:48:47 CEST">
          <reporter-output>
          </reporter-output>
        </test-method> <!-- preSvakogTesta -->
        <test-method status="PASS" signature="addingOneItemToCartWithQuantityIncreasing()[pri:5, instance:mystoreTests.MyStoreAddToCartTests@fad74ee]" name="addingOneItemToCartWithQuantityIncreasing" duration-ms="8361" started-at="2021-06-15T20:48:47 CEST" finished-at="2021-06-15T20:48:56 CEST">
          <reporter-output>
          </reporter-output>
        </test-method> <!-- addingOneItemToCartWithQuantityIncreasing -->
        <test-method status="PASS" signature="posleSvakogTesta()[pri:0, instance:mystoreTests.MyStoreAddToCartTests@fad74ee]" name="posleSvakogTesta" is-config="true" duration-ms="1222" started-at="2021-06-15T20:48:56 CEST" finished-at="2021-06-15T20:48:57 CEST">
          <reporter-output>
          </reporter-output>
        </test-method> <!-- posleSvakogTesta -->
        <test-method status="PASS" signature="preSvakogTesta()[pri:0, instance:mystoreTests.MyStoreAddToCartTests@fad74ee]" name="preSvakogTesta" is-config="true" duration-ms="942" started-at="2021-06-15T20:48:57 CEST" finished-at="2021-06-15T20:48:58 CEST">
          <reporter-output>
          </reporter-output>
        </test-method> <!-- preSvakogTesta -->
        <test-method status="PASS" signature="deletingProductFromCart()[pri:10, instance:mystoreTests.MyStoreAddToCartTests@fad74ee]" name="deletingProductFromCart" duration-ms="16273" started-at="2021-06-15T20:48:58 CEST" finished-at="2021-06-15T20:49:14 CEST">
          <reporter-output>
          </reporter-output>
        </test-method> <!-- deletingProductFromCart -->
        <test-method status="PASS" signature="posleSvakogTesta()[pri:0, instance:mystoreTests.MyStoreAddToCartTests@fad74ee]" name="posleSvakogTesta" is-config="true" duration-ms="1388" started-at="2021-06-15T20:49:14 CEST" finished-at="2021-06-15T20:49:16 CEST">
          <reporter-output>
          </reporter-output>
        </test-method> <!-- posleSvakogTesta -->
        <test-method status="PASS" signature="posleSvihTestova()[pri:0, instance:mystoreTests.MyStoreAddToCartTests@fad74ee]" name="posleSvihTestova" is-config="true" duration-ms="89" started-at="2021-06-15T20:49:16 CEST" finished-at="2021-06-15T20:49:16 CEST">
          <reporter-output>
          </reporter-output>
        </test-method> <!-- posleSvihTestova -->
      </class> <!-- mystoreTests.MyStoreAddToCartTests -->
    </test> <!-- Default test -->
  </suite> <!-- Default suite -->
</testng-results>
